This is pdfTeX, Version 3.14159265-2.6-1.40.21 (MiKTeX 2.9.7350) (preloaded format=pdflatex 2020.4.23)  22 JUN 2020 19:33
entering extended mode
**./Einleitung.tex
(Einleitung.tex
LaTeX2e <2020-02-02> patch level 5
L3 programming layer <2020-04-06>
(/home/niels/.miktex/texmfs/install/tex/latex/koma-script/scrartcl.cls
Document Class: scrartcl 2020/04/19 v3.30 KOMA-Script document class (article)
(/home/niels/.miktex/texmfs/install/tex/latex/koma-script/scrkbase.sty
Package: scrkbase 2020/04/19 v3.30 KOMA-Script package (KOMA-Script-dependent b
asics and keyval usage)

(/home/niels/.miktex/texmfs/install/tex/latex/koma-script/scrbase.sty
Package: scrbase 2020/04/19 v3.30 KOMA-Script package (KOMA-Script-independent 
basics and keyval usage)

(/home/niels/.miktex/texmfs/install/tex/latex/graphics/keyval.sty
Package: keyval 2014/10/28 v1.15 key=value parser (DPC)
\KV@toks@=\toks15
)
(/home/niels/.miktex/texmfs/install/tex/latex/koma-script/scrlfile.sty
Package: scrlfile 2020/04/19 v3.30 KOMA-Script package (loading files)
)))
(/home/niels/.miktex/texmfs/install/tex/latex/koma-script/tocbasic.sty
Package: tocbasic 2020/04/19 v3.30 KOMA-Script package (handling toc-files)
\scr@dte@tocline@numberwidth=\skip47
\scr@dte@tocline@numbox=\box45
)
Package tocbasic Info: omitting babel extension for `toc'
(tocbasic)             because of feature `nobabel' available
(tocbasic)             for `toc' on input line 135.
Package scrartcl Info: You've used standard option `11pt'.
(scrartcl)             This is correct!
(scrartcl)             Internally I'm using `fontsize=11pt'.
(scrartcl)             If you'd like to set the option with \KOMAoptions,
(scrartcl)             you'd have to use `fontsize=11pt' there
(scrartcl)             instead of `11pt', too.
Class scrartcl Info: File `scrsize11pt.clo' used to setup font sizes on input l
ine 2212.

(/home/niels/.miktex/texmfs/install/tex/latex/koma-script/scrsize11pt.clo
File: scrsize11pt.clo 2020/04/19 v3.30 KOMA-Script font size class option (11pt
)
)
(/home/niels/.miktex/texmfs/install/tex/latex/koma-script/typearea.sty
Package: typearea 2020/04/19 v3.30 KOMA-Script package (type area)
\ta@bcor=\skip48
\ta@div=\count167
\ta@hblk=\skip49
\ta@vblk=\skip50
\ta@temp=\skip51
\footheight=\skip52
Package typearea Info: These are the values describing the layout:
(typearea)             DIV  = 10
(typearea)             BCOR = 0.0pt
(typearea)             \paperwidth      = 597.50793pt
(typearea)              \textwidth      = 418.25555pt
(typearea)              DIV departure   = -6%
(typearea)              \evensidemargin = 17.3562pt
(typearea)              \oddsidemargin  = 17.3562pt
(typearea)             \paperheight     = 845.04694pt
(typearea)              \textheight     = 595.80026pt
(typearea)              \topmargin      = -25.16531pt
(typearea)              \headheight     = 17.0pt
(typearea)              \headsep        = 20.40001pt
(typearea)              \topskip        = 11.0pt
(typearea)              \footskip       = 47.6pt
(typearea)              \baselineskip   = 13.6pt
(typearea)              on input line 1738.
)
\c@part=\count168
\c@section=\count169
\c@subsection=\count170
\c@subsubsection=\count171
\c@paragraph=\count172
\c@subparagraph=\count173
\scr@dte@section@maxnumwidth=\skip53
Class scrartcl Info: using compatibility default `runin=bysign'
(scrartcl)           for `\section on input line 4761.
Class scrartcl Info: using compatibility default `afterindent=bysign'
(scrartcl)           for `\section on input line 4761.
\scr@dte@part@maxnumwidth=\skip54
Class scrartcl Info: using compatibility default `afterindent=false'
(scrartcl)           for `\part on input line 4769.
\scr@dte@subsection@maxnumwidth=\skip55
Class scrartcl Info: using compatibility default `runin=bysign'
(scrartcl)           for `\subsection on input line 4779.
Class scrartcl Info: using compatibility default `afterindent=bysign'
(scrartcl)           for `\subsection on input line 4779.
\scr@dte@subsubsection@maxnumwidth=\skip56
Class scrartcl Info: using compatibility default `runin=bysign'
(scrartcl)           for `\subsubsection on input line 4789.
Class scrartcl Info: using compatibility default `afterindent=bysign'
(scrartcl)           for `\subsubsection on input line 4789.
\scr@dte@paragraph@maxnumwidth=\skip57
Class scrartcl Info: using compatibility default `runin=bysign'
(scrartcl)           for `\paragraph on input line 4799.
Class scrartcl Info: using compatibility default `afterindent=bysign'
(scrartcl)           for `\paragraph on input line 4799.
\scr@dte@subparagraph@maxnumwidth=\skip58
Class scrartcl Info: using compatibility default `runin=bysign'
(scrartcl)           for `\subparagraph on input line 4809.
Class scrartcl Info: using compatibility default `afterindent=bysign'
(scrartcl)           for `\subparagraph on input line 4809.
\abovecaptionskip=\skip59
\belowcaptionskip=\skip60
\c@pti@nb@sid@b@x=\box46
Package tocbasic Info: omitting babel extension for `lof'
(tocbasic)             because of feature `nobabel' available
(tocbasic)             for `lof' on input line 6040.
\scr@dte@figure@maxnumwidth=\skip61
\c@figure=\count174
Package tocbasic Info: omitting babel extension for `lot'
(tocbasic)             because of feature `nobabel' available
(tocbasic)             for `lot' on input line 6052.
\scr@dte@table@maxnumwidth=\skip62
\c@table=\count175
Class scrartcl Info: Redefining `\numberline' on input line 6216.
\bibindent=\dimen134
)
(/home/niels/.miktex/texmfs/install/tex/generic/german/ngerman.sty
v2.5e 1998-07-08
Package: ngerman 1998/07/08 v2.5e Support for writing german texts (br)
\grmnU@D=\dimen135
ngerman -- \language number for USenglish undefined, default 255 used.
ngerman -- \language number for UKenglish undefined, default 255 used.

ngerman -- \language number for ngerman undefined, default 255 used,
ngerman -- Please read "gerdoc.tex" how to install hyphenation patterns.
ngerman -- \language number for naustrian undefined, default 255 used.
ngerman -- \language number for French undefined, default 255 used.
)
(/home/niels/.miktex/texmfs/install/tex/latex/graphics/graphicx.sty
Package: graphicx 2019/11/30 v1.2a Enhanced LaTeX Graphics (DPC,SPQR)

(/home/niels/.miktex/texmfs/install/tex/latex/graphics/graphics.sty
Package: graphics 2019/11/30 v1.4a Standard LaTeX Graphics (DPC,SPQR)

(/home/niels/.miktex/texmfs/install/tex/latex/graphics/trig.sty
Package: trig 2016/01/03 v1.10 sin cos tan (DPC)
)
(/home/niels/.miktex/texmfs/install/tex/latex/graphics-cfg/graphics.cfg
File: graphics.cfg 2016/06/04 v1.11 sample graphics configuration
)
Package graphics Info: Driver file: pdftex.def on input line 105.

(/home/niels/.miktex/texmfs/install/tex/latex/graphics-def/pdftex.def
File: pdftex.def 2018/01/08 v1.0l Graphics/color driver for pdftex
))
\Gin@req@height=\dimen136
\Gin@req@width=\dimen137
)
(/home/niels/.miktex/texmfs/install/tex/latex/hyperref/hyperref.sty
Package: hyperref 2020/01/14 v7.00d Hypertext links for LaTeX

(/home/niels/.miktex/texmfs/install/tex/generic/ltxcmds/ltxcmds.sty
Package: ltxcmds 2019/12/15 v1.24 LaTeX kernel commands for general use (HO)
)
(/home/niels/.miktex/texmfs/install/tex/generic/iftex/iftex.sty
Package: iftex 2020/03/06 v1.0d TeX engine tests
)
(/home/niels/.miktex/texmfs/install/tex/latex/pdftexcmds/pdftexcmds.sty
Package: pdftexcmds 2019/11/24 v0.31 Utility functions of pdfTeX for LuaTeX (HO
)

(/home/niels/.miktex/texmfs/install/tex/generic/infwarerr/infwarerr.sty
Package: infwarerr 2019/12/03 v1.5 Providing info/warning/error messages (HO)
)
Package pdftexcmds Info: \pdf@primitive is available.
Package pdftexcmds Info: \pdf@ifprimitive is available.
Package pdftexcmds Info: \pdfdraftmode found.
)
(/home/niels/.miktex/texmfs/install/tex/generic/kvsetkeys/kvsetkeys.sty
Package: kvsetkeys 2019/12/15 v1.18 Key value parser (HO)
)
(/home/niels/.miktex/texmfs/install/tex/generic/kvdefinekeys/kvdefinekeys.sty
Package: kvdefinekeys 2019-12-19 v1.6 Define keys (HO)
)
(/home/niels/.miktex/texmfs/install/tex/generic/pdfescape/pdfescape.sty
Package: pdfescape 2019/12/09 v1.15 Implements pdfTeX's escape features (HO)
)
(/home/niels/.miktex/texmfs/install/tex/latex/hycolor/hycolor.sty
Package: hycolor 2020-01-27 v1.10 Color options for hyperref/bookmark (HO)
)
(/home/niels/.miktex/texmfs/install/tex/latex/letltxmacro/letltxmacro.sty
Package: letltxmacro 2019/12/03 v1.6 Let assignment for LaTeX macros (HO)
)
(/home/niels/.miktex/texmfs/install/tex/latex/auxhook/auxhook.sty
Package: auxhook 2019-12-17 v1.6 Hooks for auxiliary files (HO)
)
(/home/niels/.miktex/texmfs/install/tex/latex/kvoptions/kvoptions.sty
Package: kvoptions 2019/11/29 v3.13 Key value format for package options (HO)
)
\@linkdim=\dimen138
\Hy@linkcounter=\count176
\Hy@pagecounter=\count177

(/home/niels/.miktex/texmfs/install/tex/latex/hyperref/pd1enc.def
File: pd1enc.def 2020/01/14 v7.00d Hyperref: PDFDocEncoding definition (HO)
Now handling font encoding PD1 ...
... no UTF-8 mapping file for font encoding PD1
)
(/home/niels/.miktex/texmfs/install/tex/generic/intcalc/intcalc.sty
Package: intcalc 2019/12/15 v1.3 Expandable calculations with integers (HO)
)
(/home/niels/.miktex/texmfs/install/tex/generic/etexcmds/etexcmds.sty
Package: etexcmds 2019/12/15 v1.7 Avoid name clashes with e-TeX commands (HO)
)
\Hy@SavedSpaceFactor=\count178
Package hyperref Info: Hyper figures OFF on input line 4547.
Package hyperref Info: Link nesting OFF on input line 4552.
Package hyperref Info: Hyper index ON on input line 4555.
Package hyperref Info: Plain pages OFF on input line 4562.
Package hyperref Info: Backreferencing OFF on input line 4567.
Package hyperref Info: Implicit mode ON; LaTeX internals redefined.
Package hyperref Info: Bookmarks ON on input line 4800.
\c@Hy@tempcnt=\count179

(/home/niels/.miktex/texmfs/install/tex/latex/url/url.sty
\Urlmuskip=\muskip16
Package: url 2013/09/16  ver 3.4  Verb mode for urls, etc.
)
LaTeX Info: Redefining \url on input line 5159.
\XeTeXLinkMargin=\dimen139

(/home/niels/.miktex/texmfs/install/tex/generic/bitset/bitset.sty
Package: bitset 2019/12/09 v1.3 Handle bit-vector datatype (HO)

(/home/niels/.miktex/texmfs/install/tex/generic/bigintcalc/bigintcalc.sty
Package: bigintcalc 2019/12/15 v1.5 Expandable calculations on big integers (HO
)
))
\Fld@menulength=\count180
\Field@Width=\dimen140
\Fld@charsize=\dimen141
Package hyperref Info: Hyper figures OFF on input line 6430.
Package hyperref Info: Link nesting OFF on input line 6435.
Package hyperref Info: Hyper index ON on input line 6438.
Package hyperref Info: backreferencing OFF on input line 6445.
Package hyperref Info: Link coloring OFF on input line 6450.
Package hyperref Info: Link coloring with OCG OFF on input line 6455.
Package hyperref Info: PDF/A mode OFF on input line 6460.
LaTeX Info: Redefining \ref on input line 6500.
LaTeX Info: Redefining \pageref on input line 6504.

(/home/niels/.miktex/texmfs/install/tex/generic/atbegshi/atbegshi.sty
Package: atbegshi 2019/12/05 v1.19 At begin shipout hook (HO)
)
\Hy@abspage=\count181
\c@Item=\count182
\c@Hfootnote=\count183
)
Package hyperref Info: Driver (autodetected): hpdftex.

(/home/niels/.miktex/texmfs/install/tex/latex/hyperref/hpdftex.def
File: hpdftex.def 2020/01/14 v7.00d Hyperref driver for pdfTeX

(/home/niels/.miktex/texmfs/install/tex/latex/atveryend/atveryend.sty
Package: atveryend 2019-12-11 v1.11 Hooks at the very end of document (HO)
Package atveryend Info: \enddocument detected (standard20110627).
)
\Fld@listcount=\count184
\c@bookmark@seq@number=\count185

(/home/niels/.miktex/texmfs/install/tex/latex/rerunfilecheck/rerunfilecheck.sty
Package: rerunfilecheck 2019/12/05 v1.9 Rerun checks for auxiliary files (HO)

(/home/niels/.miktex/texmfs/install/tex/generic/uniquecounter/uniquecounter.sty
Package: uniquecounter 2019/12/15 v1.4 Provide unlimited unique counter (HO)
)
Package uniquecounter Info: New unique counter `rerunfilecheck' on input line 2
86.
)
\Hy@SectionHShift=\skip63
) (/home/niels/.miktex/texmfs/install/tex/latex/oberdiek/hypcap.sty
Package: hypcap 2016/05/16 v1.12 Adjusting the anchors of captions (HO)
)
(/home/niels/.miktex/texmfs/install/tex/latex/listings/listings.sty
\lst@mode=\count186
\lst@gtempboxa=\box47
\lst@token=\toks16
\lst@length=\count187
\lst@currlwidth=\dimen142
\lst@column=\count188
\lst@pos=\count189
\lst@lostspace=\dimen143
\lst@width=\dimen144
\lst@newlines=\count190
\lst@lineno=\count191
\lst@maxwidth=\dimen145

(/home/niels/.miktex/texmfs/install/tex/latex/listings/lstmisc.sty
File: lstmisc.sty 2020/03/24 1.8d (Carsten Heinz)
\c@lstnumber=\count192
\lst@skipnumbers=\count193
\lst@framebox=\box48
)
(/home/niels/.miktex/texmfs/install/tex/latex/listings/listings.cfg
File: listings.cfg 2020/03/24 1.8d listings configuration
))
Package: listings 2020/03/24 1.8d (Carsten Heinz)

(/home/niels/.miktex/texmfs/install/tex/latex/float/float.sty
Package: float 2001/11/08 v1.3d Float enhancements (AL)
\c@float@type=\count194
\float@exts=\toks17
\float@box=\box49
\@float@everytoks=\toks18
\@floatcapt=\box50
)
\c@definition=\count195

(/home/niels/.miktex/texmfs/install/tex/latex/l3backend/l3backend-pdfmode.def
File: l3backend-pdfmode.def 2020-03-12 L3 backend support: PDF mode
\l__kernel_color_stack_int=\count196
\l__pdf_internal_box=\box51
)

LaTeX Warning: Unused global option(s):
    [doublespacing,chapterinoneline,consistentlayout].

(Einleitung.aux)
\openout1 = `Einleitung.aux'.

LaTeX Font Info:    Checking defaults for OML/cmm/m/it on input line 45.
LaTeX Font Info:    ... okay on input line 45.
LaTeX Font Info:    Checking defaults for OMS/cmsy/m/n on input line 45.
LaTeX Font Info:    ... okay on input line 45.
LaTeX Font Info:    Checking defaults for OT1/cmr/m/n on input line 45.
LaTeX Font Info:    ... okay on input line 45.
LaTeX Font Info:    Checking defaults for T1/cmr/m/n on input line 45.
LaTeX Font Info:    ... okay on input line 45.
LaTeX Font Info:    Checking defaults for TS1/cmr/m/n on input line 45.
LaTeX Font Info:    ... okay on input line 45.
LaTeX Font Info:    Checking defaults for OMX/cmex/m/n on input line 45.
LaTeX Font Info:    ... okay on input line 45.
LaTeX Font Info:    Checking defaults for U/cmr/m/n on input line 45.
LaTeX Font Info:    ... okay on input line 45.
LaTeX Font Info:    Checking defaults for PD1/pdf/m/n on input line 45.
LaTeX Font Info:    ... okay on input line 45.

(/home/niels/.miktex/texmfs/install/tex/context/base/mkii/supp-pdf.mkii
[Loading MPS to PDF converter (version 2006.09.02).]
\scratchcounter=\count197
\scratchdimen=\dimen146
\scratchbox=\box52
\nofMPsegments=\count198
\nofMParguments=\count199
\everyMPshowfont=\toks19
\MPscratchCnt=\count266
\MPscratchDim=\dimen147
\MPnumerator=\count267
\makeMPintoPDFobject=\count268
\everyMPtoPDFconversion=\toks20
) (/home/niels/.miktex/texmfs/install/tex/latex/epstopdf-pkg/epstopdf-base.sty
Package: epstopdf-base 2020-01-24 v2.11 Base part for package epstopdf
Package epstopdf-base Info: Redefining graphics rule for `.eps' on input line 4
85.
)
\AtBeginShipoutBox=\box53
Package hyperref Info: Link coloring OFF on input line 45.
(/home/niels/.miktex/texmfs/install/tex/latex/hyperref/nameref.sty
Package: nameref 2019/09/16 v2.46 Cross-referencing by name of section

(/home/niels/.miktex/texmfs/install/tex/latex/refcount/refcount.sty
Package: refcount 2019/12/15 v3.6 Data extraction from label references (HO)
)
(/home/niels/.miktex/texmfs/install/tex/generic/gettitlestring/gettitlestring.s
ty
Package: gettitlestring 2019/12/15 v1.6 Cleanup title references (HO)
)
\c@section@level=\count269
)
LaTeX Info: Redefining \ref on input line 45.
LaTeX Info: Redefining \pageref on input line 45.
LaTeX Info: Redefining \nameref on input line 45.
 (Einleitung.out) (Einleitung.out)
\@outlinefile=\write3
\openout3 = `Einleitung.out'.

Class scrartcl Info: loading recommended package `bookmark'.
(scrartcl)           Using `bookmark' together with `hyperref' is recommended,
(scrartcl)           because of handling of possible bookmark level gaps.
(scrartcl)           You can avoid loading `bookmark' with KOMA-Script option
(scrartcl)           `bookmarkpackage=false' before \begin{document} and
(scrartcl)           you can avoid this message adding:
(scrartcl)             \usepackage{bookmark}
(scrartcl)           before \begin{document} on input line 45.

(/home/niels/.miktex/texmfs/install/tex/latex/bookmark/bookmark.sty
Package: bookmark 2019/12/03 v1.28 PDF bookmarks (HO)

(/home/niels/.miktex/texmfs/install/tex/latex/bookmark/bkm-pdftex.def
File: bkm-pdftex.def 2019/12/03 v1.28 bookmark driver for pdfTeX (HO)
Package auxhook Info: \AddLineBeginMainAux comes a little late,
(auxhook)             because the main .aux file is already opened on input lin
e 168.
\BKM@id=\count270
))
\c@lstlisting=\count271
LaTeX Font Info:    External font `cmex10' loaded for size
(Font)              <14.4> on input line 52.
LaTeX Font Info:    External font `cmex10' loaded for size
(Font)              <7> on input line 52.

Underfull \hbox (badness 10000) in paragraph at lines 53--66

 []


Underfull \hbox (badness 10000) in paragraph at lines 53--66

 []


Underfull \hbox (badness 10000) in paragraph at lines 53--66

 []


Underfull \hbox (badness 10000) in paragraph at lines 53--66

 []


Underfull \hbox (badness 10000) in paragraph at lines 53--66

 []

[1


{/home/niels/.miktex/texmfs/data/pdftex/config/pdftex.map}]
Overfull \hbox (4.38441pt too wide) in paragraph at lines 68--69
\OT1/cmr/m/n/10.95 In dieser Arbeit werden zwei Szenaien betrachtet, die unters
chiedliche Probleme aufzeigen.
 []

<pics/problemS1Abstrakt.png, id=19, 266.49562pt x 220.57407pt>
File: pics/problemS1Abstrakt.png Graphic file (type png)
<use pics/problemS1Abstrakt.png>
Package pdftex.def Info: pics/problemS1Abstrakt.png  used on input line 73.
(pdftex.def)             Requested size: 186.54565pt x 154.40079pt.
<pics/problemS1Konkret.png, id=23, 1172.88188pt x 506.6428pt>
File: pics/problemS1Konkret.png Graphic file (type png)
<use pics/problemS1Konkret.png>
Package pdftex.def Info: pics/problemS1Konkret.png  used on input line 81.
(pdftex.def)             Requested size: 351.86728pt x 151.994pt.

Overfull \hbox (2.9811pt too wide) in paragraph at lines 70--89
\OT1/cmr/m/n/10.95 somit keine direkte Abh[]angigkeiten aufweisen. Das Modul \O
T1/cmr/m/it/10.95 C \OT1/cmr/m/n/10.95 stellt eine Abstraktionsebene
 []


Underfull \hbox (badness 10000) in paragraph at lines 70--89

 []


Underfull \hbox (badness 10000) in paragraph at lines 70--89

 []

[2pdfTeX warning (ext4): destination with the same identifier (name{figure.1}) 
has been already used, duplicate ignored

\AtBegShi@Output ...ipout \box \AtBeginShipoutBox 
                                                  \fi \fi 
l.89 \begin{enumerate}
                       <./pics/problemS1Abstrakt.png>]
Overfull \hbox (6.02695pt too wide) in paragraph at lines 91--92
[]\OT1/cmr/m/n/10.95 Es wird eine weitere Abstraktionsschicht zwischen den beid
en vorliegenden Schichten
 []


Overfull \hbox (3.71542pt too wide) in paragraph at lines 93--94
\OT1/cmr/m/n/10.95 Beide L[]osungsvarianten f[]uhren zu relativ hohem Anpassung
saufwand, wenn man bedenkt,
 []

<pics/problemS2Abstrakt.png, id=37, 548.80031pt x 292.09125pt>
File: pics/problemS2Abstrakt.png Graphic file (type png)
<use pics/problemS2Abstrakt.png>
Package pdftex.def Info: pics/problemS2Abstrakt.png  used on input line 99.
(pdftex.def)             Requested size: 384.15758pt x 204.46246pt.
<pics/problemS2Konkret.png, id=39, 703.12688pt x 520.94624pt>
File: pics/problemS2Konkret.png Graphic file (type png)
<use pics/problemS2Konkret.png>
Package pdftex.def Info: pics/problemS2Konkret.png  used on input line 107.
(pdftex.def)             Requested size: 351.56258pt x 260.47249pt.

Overfull \hbox (1.7383pt too wide) in paragraph at lines 95--114
\OT1/cmr/m/n/10.95 einem Broadcast Serviceaufruf ausgegangen. Das bedeutet, das
s es eine Service-Schittstel-
 []


Underfull \hbox (badness 10000) in paragraph at lines 95--114

 []


Underfull \hbox (badness 10000) in paragraph at lines 95--114

 []


LaTeX Warning: `h' float specifier changed to `ht'.

[3pdfTeX warning (ext4): destination with the same identifier (name{figure.2}) 
has been already used, duplicate ignored

\AtBegShi@Output ...ipout \box \AtBeginShipoutBox 
                                                  \fi \fi 
l.114 \begin{enumerate}
                        <./pics/problemS1Konkret.png>]

LaTeX Warning: `h' float specifier changed to `ht'.


Overfull \hbox (11.9583pt too wide) in paragraph at lines 118--119
\OT1/cmr/m/n/10.95 Beide L[]osungsans[]atze erfordern wiederum erheblichen Aufw
and und Koordination zwischen
 []


Overfull \hbox (3.16776pt too wide) in paragraph at lines 118--119
\OT1/cmr/m/n/10.95 den Entwicklerteams. Dabei ist zu erw[]ahnen, dass der zweit
e L[]osungsans[]atz etwas weniger
 []

[4pdfTeX warning (ext4): destination with the same identifier (name{figure.3}) 
has been already used, duplicate ignored

\AtBegShi@Output ...ipout \box \AtBeginShipoutBox 
                                                  \fi \fi 
l.119 
       <./pics/problemS2Abstrakt.png>] [5pdfTeX warning (ext4): destination wit
h the same identifier (name{figure.4}) has been already used, duplicate ignored


\AtBegShi@Output ...ipout \box \AtBeginShipoutBox 
                                                  \fi \fi 
l.131 \subsection
                 {Serviceorientierte Architektur}\label{sarchitektur} <./pics/p
roblemS2Konkret.png>]
Overfull \hbox (0.552pt too wide) in paragraph at lines 137--138
\OT1/cmr/m/n/10.95 Szenarien mit den bestehenden L[]osungen nach [[]] und [[]] 
eingegangen. Die hier beschrie-
 []


Overfull \hbox (1.67737pt too wide) in paragraph at lines 137--138
\OT1/cmr/m/n/10.95 bestehenden Ans[]atze. Es wurde kein praktischer Nachweis in
 Form einer Implementierung
 []


Underfull \hbox (badness 10000) in paragraph at lines 139--141

 []


Overfull \hbox (3.0766pt too wide) in paragraph at lines 139--141
\OT1/cmr/m/n/10.95 Typen fungieren. Allgemein wurde folgende formale Definition
 hinsichtlich der Typkonfor-
 []


Underfull \hbox (badness 10000) in paragraph at lines 149--151

 []

[6]
Underfull \hbox (badness 10000) in paragraph at lines 158--160

 []


Overfull \hbox (0.93738pt too wide) in paragraph at lines 161--162
[]\OT1/cmr/m/n/10.95 X \OT1/cmr/m/it/10.95 ist strutkurell typkonform zu \OT1/c
mr/m/n/10.95 I \OT1/cmr/m/it/10.95 genau dann, wenn \OT1/cmr/m/n/10.95 X \OT1/c
mr/m/it/10.95 nominal typkonform
 []


Underfull \hbox (badness 10000) in paragraph at lines 167--169

 []


Underfull \hbox (badness 10000) in paragraph at lines 176--177

 []

[7]
Underfull \hbox (badness 10000) in paragraph at lines 183--186

 []


Underfull \hbox (badness 10000) in paragraph at lines 183--186

 []


Overfull \hbox (5.96886pt too wide) in paragraph at lines 183--186
\OT1/cmr/m/n/10.95 angeboten werden, kann man schlieen, dass die in einem \OT1
/cmr/m/it/10.95 Bookshelf \OT1/cmr/m/n/10.95 verwalteten Dokumen-
 []

<pics/cd_loesungProblem1_compiler.png, id=124, 483.30562pt x 434.37282pt>
File: pics/cd_loesungProblem1_compiler.png Graphic file (type png)
<use pics/cd_loesungProblem1_compiler.png>
Package pdftex.def Info: pics/cd_loesungProblem1_compiler.png  used on input li
ne 197.
(pdftex.def)             Requested size: 241.65222pt x 217.18587pt.

Overfull \hbox (1.95387pt too wide) in paragraph at lines 193--202
\OT1/cmr/m/n/10.95 innerhalb der Klasse \OT1/cmr/m/it/10.95 Bookshelf \OT1/cmr/
m/n/10.95 verwendet wird und []uber die Sepzifikation der im Interface
 []


Overfull \hbox (5.33762pt too wide) in paragraph at lines 193--202
\OT1/cmr/m/n/10.95 Abbildung []5[] zeigt den Inhalt des Moduls \OT1/cmr/m/it/10
.95 Bookshelves \OT1/cmr/m/n/10.95 mit den notwendigen Erweiterungen.
 []


Underfull \hbox (badness 10000) in paragraph at lines 193--202

 []


Overfull \hbox (0.16223pt too wide) in paragraph at lines 193--202
\OT1/cmr/m/n/10.95 Compiler zum []Ubersetzungszeitpunkt sicherstellen kann, das
s der Methode \OT1/cmr/m/it/10.95 addDocument
 []


LaTeX Warning: `h' float specifier changed to `ht'.

[8] (/home/niels/.miktex/texmfs/install/tex/latex/listings/lstlang1.sty
File: lstlang1.sty 2020/03/24 1.8d listings language file
)
Underfull \hbox (badness 10000) in paragraph at lines 206--210

 []


Underfull \hbox (badness 10000) in paragraph at lines 206--210

 []


Underfull \hbox (badness 10000) in paragraph at lines 206--210

 []


Underfull \hbox (badness 10000) in paragraph at lines 206--210

 []

[9pdfTeX warning (ext4): destination with the same identifier (name{figure.5}) 
has been already used, duplicate ignored

\AtBegShi@Output ...ipout \box \AtBeginShipoutBox 
                                                  \fi \fi 
l.210 ...kturelle Typen auf nominale Typen casten]
                                                   <./pics/cd_loesungProblem1_c
ompiler.png>]
Package hyperref Info: bookmark level for unknown lstlisting defaults to 0 on i
nput line 210.
LaTeX Font Info:    Font shape `OT1/cmtt/bx/n' in size <9> not available
(Font)              Font shape `OT1/cmtt/m/n' tried instead on input line 212.

Overfull \hbox (3.9283pt too wide) in paragraph at lines 219--220
\OT1/cmr/m/n/10.95 strukturelllen Typen und Interfaces festgestellt, sondern au
ch zwischen strukturelle Typen
 []


Overfull \hbox (4.50627pt too wide) in paragraph at lines 219--220
\OT1/cmr/m/n/10.95 und abstrakten Klassen. So k[]onnen strukturelle Typen beisp
ielsweise bestimmte Methode-
 []


Underfull \hbox (badness 10000) in paragraph at lines 219--220

 []

[10]
Overfull \hbox (4.77997pt too wide) in paragraph at lines 242--246
\OT1/cmr/m/n/10.95 Innerhalb eines strukturellen Typs ist es jedoch nicht m[]og
lich Konstruktoren zu definieren.
 []


Underfull \hbox (badness 10000) in paragraph at lines 242--246

 []


Underfull \hbox (badness 10000) in paragraph at lines 242--246

 []

[11]
Underfull \hbox (badness 2368) in paragraph at lines 260--261
[]\OT1/cmr/m/it/10.95 f[]ur alle Methoden aus \OT1/cmr/m/n/10.95 Y \OT1/cmr/m/i
t/10.95 (\OT1/cmr/m/n/10.95 Y.m\OT1/cmr/m/it/10.95 ) existiert genau eine []off
entlich sichtbare
 []


Underfull \hbox (badness 7851) in paragraph at lines 261--262
[]\OT1/cmr/m/it/10.95 f[]ur alle Instanzvariablen aus \OT1/cmr/m/n/10.95 Y \OT1
/cmr/m/it/10.95 (\OT1/cmr/m/n/10.95 Y.v\OT1/cmr/m/it/10.95 ) existiert genau ei
ne []offentlich
 []

LaTeX Font Info:    External font `cmex10' loaded for size
(Font)              <10.95> on input line 297.
LaTeX Font Info:    External font `cmex10' loaded for size
(Font)              <8> on input line 297.
LaTeX Font Info:    External font `cmex10' loaded for size
(Font)              <6> on input line 297.
LaTeX Font Info:    External font `cmex10' loaded for size
(Font)              <9> on input line 297.
LaTeX Font Info:    External font `cmex10' loaded for size
(Font)              <5> on input line 297.
<pics/cd_loesungProlem1_whiteoak.png, id=202, 355.3275pt x 522.45187pt>
File: pics/cd_loesungProlem1_whiteoak.png Graphic file (type png)
<use pics/cd_loesungProlem1_whiteoak.png>
Package pdftex.def Info: pics/cd_loesungProlem1_whiteoak.png  used on input lin
e 300.
(pdftex.def)             Requested size: 177.6633pt x 261.2253pt.

Underfull \hbox (badness 10000) in paragraph at lines 295--308

 []


Underfull \hbox (badness 10000) in paragraph at lines 295--308

 []

[12] [13pdfTeX warning (ext4): destination with the same identifier (name{figur
e.6}) has been already used, duplicate ignored

\AtBegShi@Output ...ipout \box \AtBeginShipoutBox 
                                                  \fi \fi 
l.308 \subsection
                 {Neuer Lösungsansatz} <./pics/cd_loesungProlem1_whiteoak.png>
]
Underfull \hbox (badness 10000) in paragraph at lines 309--313

 []


Overfull \hbox (0.30861pt too wide) in paragraph at lines 309--313
\OT1/cmr/m/n/10.95 Dieser L[]osungsansatz verwendet weder einen erweiterten Com
piler noch eine Erweiterung
 []


Overfull \hbox (1.7688pt too wide) in paragraph at lines 309--313
\OT1/cmr/m/n/10.95 halb der Programms mithilfe einer einzubindenden Bibliothek 
explitit angestoen werden.
 []


Overfull \hbox (0.20313pt too wide) in paragraph at lines 309--313
\OT1/cmr/m/n/10.95 Hierzu steht das Interface \OT1/cmr/m/it/10.95 TypConverter 
\OT1/cmr/m/n/10.95 in der Bibliothek bereit, welches die Verwendung
 []


Underfull \hbox (badness 1735) in paragraph at lines 309--313
\OT1/cmr/m/n/10.95 der strukturellen Typkonformit[]at erm[]oglicht. Ein Objekt,
 welches das Interface
 []


Underfull \hbox (badness 10000) in paragraph at lines 309--313

 []


Underfull \hbox (badness 10000) in paragraph at lines 309--313

 []


Underfull \hbox (badness 10000) in paragraph at lines 317--319

 []

[14]
Underfull \hbox (badness 10000) in paragraph at lines 320--322

 []


Overfull \hbox (1.0587pt too wide) in paragraph at lines 327--329
\OT1/cmr/m/n/10.95 ein zum Interface \OT1/cmr/m/it/10.95 I \OT1/cmr/m/n/10.95 t
ypkonformes Interface oder eine Klasse auch die Methoden enthalten,
 []


Underfull \hbox (badness 10000) in paragraph at lines 327--329

 []

[15]
Underfull \hbox (badness 10000) in paragraph at lines 335--337

 []


Underfull \hbox (badness 10000) in paragraph at lines 344--346

 []


Overfull \hbox (1.6001pt too wide) in paragraph at lines 347--348
[]\OT1/cmr/m/n/10.95 X \OT1/cmr/m/it/10.95 enth[]alt eine Methode \OT1/cmr/m/n/
10.95 f \OT1/cmr/m/it/10.95 (\OT1/cmr/m/n/10.95 X.f)\OT1/cmr/m/it/10.95 , die s
trukturell []aquivalent zu einer Metho-
 []


Overfull \hbox (5.85548pt too wide) in paragraph at lines 347--348
\OT1/cmr/m/it/10.95 de \OT1/cmr/m/n/10.95 Y.f \OT1/cmr/m/it/10.95 ist, wenn \OT
1/cmr/m/n/10.95 X.f Y.f \OT1/cmr/m/it/10.95 laut Definition []4[] []uberschreib
t, oder alle der folgenden Bedingungen
 []

<pics/ambigousMethods.png, id=283, 340.27126pt x 106.89937pt>
File: pics/ambigousMethods.png Graphic file (type png)
<use pics/ambigousMethods.png>
Package pdftex.def Info: pics/ambigousMethods.png  used on input line 358.
(pdftex.def)             Requested size: 170.13521pt x 53.44954pt.
<pics/cd_typeConverter.png, id=286, 1256.44406pt x 328.22626pt>
File: pics/cd_typeConverter.png Graphic file (type png)
<use pics/cd_typeConverter.png>
Package pdftex.def Info: pics/cd_typeConverter.png  used on input line 367.
(pdftex.def)             Requested size: 314.11024pt x 82.05635pt.
<pics/loesung_s1_interface.png, id=289, 608.2725pt x 264.99pt>
File: pics/loesung_s1_interface.png Graphic file (type png)
<use pics/loesung_s1_interface.png>
Package pdftex.def Info: pics/loesung_s1_interface.png  used on input line 375.

(pdftex.def)             Requested size: 304.13551pt x 132.49467pt.

Underfull \hbox (badness 10000) in paragraph at lines 355--382

 []


Underfull \hbox (badness 10000) in paragraph at lines 355--382

 []


Underfull \hbox (badness 10000) in paragraph at lines 355--382
\OT1/cmr/m/n/10.95 Daher muss beim Erzeugen eines Objekte vom \OT1/cmr/m/it/10.
95 TypConverterBuilder \OT1/cmr/m/n/10.95 eine
 []


Underfull \hbox (badness 10000) in paragraph at lines 355--382

 []


Underfull \hbox (badness 4429) in paragraph at lines 355--382
\OT1/cmr/m/n/10.95 f[]allt auf, dass diese Klasse strukturell typkonform zu dem
 neuen Interface
 []


Underfull \hbox (badness 10000) in paragraph at lines 355--382

 []


Underfull \hbox (badness 10000) in paragraph at lines 355--382

 []


Overfull \hbox (1.92337pt too wide) in paragraph at lines 355--382
\OT1/cmr/m/n/10.95 Der Entwickler muss nun beim Einlagern der Elemente in ein \
OT1/cmr/m/it/10.95 Bookshelf \OT1/cmr/m/n/10.95 die Konvertierung
 []


Underfull \hbox (badness 10000) in paragraph at lines 355--382
\OT1/cmr/m/n/10.95 verwendet wurde. Daher wird der \OT1/cmr/m/it/10.95 TypConve
rterBuilder \OT1/cmr/m/n/10.95 mit der
 []

[16]

LaTeX Warning: `h' float specifier changed to `ht'.

[17pdfTeX warning (ext4): destination with the same identifier (name{figure.7})
 has been already used, duplicate ignored

\AtBegShi@Output ...ipout \box \AtBeginShipoutBox 
                                                  \fi \fi 
l.382 ...abel=ls_insertBook1, caption=addDocument]
                                                   <./pics/ambigousMethods.png>
] [18pdfTeX warning (ext4): destination with the same identifier (name{figure.8
}) has been already used, duplicate ignored

\AtBegShi@Output ...ipout \box \AtBeginShipoutBox 
                                                  \fi \fi 
l.382 ...abel=ls_insertBook1, caption=addDocument]
                                                  pdfTeX warning (ext4): destin
ation with the same identifier (name{figure.9}) has been already used, duplicat
e ignored

\AtBegShi@Output ...ipout \box \AtBeginShipoutBox 
                                                  \fi \fi 
l.382 ...abel=ls_insertBook1, caption=addDocument]
                                                   <./pics/cd_typeConverter.png
> <./pics/loesung_s1_interface.png>]
<pics/sd_createSignatureTypeConverter.png, id=314, 1253.43282pt x 264.99pt>
File: pics/sd_createSignatureTypeConverter.png Graphic file (type png)
<use pics/sd_createSignatureTypeConverter.png>
Package pdftex.def Info: pics/sd_createSignatureTypeConverter.png  used on inpu
t line 399.
(pdftex.def)             Requested size: 313.35744pt x 66.24733pt.
<pics/cd_erwBookshelf.png, id=317, 389.95688pt x 198.7425pt>
File: pics/cd_erwBookshelf.png Graphic file (type png)
<use pics/cd_erwBookshelf.png>
Package pdftex.def Info: pics/cd_erwBookshelf.png  used on input line 407.
(pdftex.def)             Requested size: 194.97795pt x 99.371pt.

Overfull \hbox (19.00674pt too wide) in paragraph at lines 396--414
\OT1/cmr/m/n/10.95 Welcher konkrete \OT1/cmr/m/it/10.95 TypeConverter \OT1/cmr/
m/n/10.95 dabei erzeugt wird, ist dem Sequenzdiagramm in Abbildung
 []


Underfull \hbox (badness 10000) in paragraph at lines 396--414

 []


Underfull \hbox (badness 4205) in paragraph at lines 396--414
\OT1/cmr/m/n/10.95 zum ben[]otigten Typ ist. W[]are dies nicht der Fall, w[]urd
e das []ubergebene
 []


Underfull \hbox (badness 10000) in paragraph at lines 396--414

 []


Overfull \hbox (2.14626pt too wide) in paragraph at lines 396--414
\OT1/cmr/m/n/10.95 w[]are die Aufnahme einer weiteren Methode (\OT1/cmr/m/it/10
.95 isDocumentSuitable\OT1/cmr/m/n/10.95 ) in der Klasse \OT1/cmr/m/it/10.95 Bo
okshelf\OT1/cmr/m/n/10.95 .
 []


Overfull \hbox (11.61787pt too wide) in paragraph at lines 396--414
\OT1/cmr/m/n/10.95 Notwendigkeit der Aufrufs der Methode \OT1/cmr/m/it/10.95 is
DocumentSuitable \OT1/cmr/m/n/10.95 vor der Methode \OT1/cmr/m/it/10.95 addDocu
ment
 []


Underfull \hbox (badness 10000) in paragraph at lines 396--414

 []


Underfull \hbox (badness 10000) in paragraph at lines 396--414

 []


Overfull \hbox (0.21753pt too wide) in paragraph at lines 396--414
\OT1/cmr/m/n/10.95 Definition bzgl. der Strukturellen Typkonformit[]at (siehe D
efinition []13[]) Abhilfe geschaffen
 []

[19pdfTeX warning (ext4): destination with the same identifier (name{figure.10}
) has been already used, duplicate ignored

\AtBegShi@Output ...ipout \box \AtBeginShipoutBox 
                                                  \fi \fi 
l.414 \begin{enumerate}
                        <./pics/sd_createSignatureTypeConverter.png>]
Underfull \hbox (badness 10000) in paragraph at lines 416--418
[]\OT1/cmr/m/n/10.95 Im \OT1/cmr/m/it/10.95 TypeConverterBuilder \OT1/cmr/m/n/1
0.95 muss die \OT1/cmr/m/it/10.95 StructureDefinition \OT1/cmr/m/n/10.95 auf de
n Wert
 []

[20pdfTeX warning (ext4): destination with the same identifier (name{figure.11}
) has been already used, duplicate ignored

\AtBegShi@Output ...ipout \box \AtBeginShipoutBox 
                                                  \fi \fi 
l.426 ...abel=ls_insertBook2, caption=addDocument]
                                                   <./pics/cd_erwBookshelf.png>
]
Underfull \hbox (badness 3907) in paragraph at lines 442--444
\OT1/cmr/m/n/10.95 Objekt der Klasse \OT1/cmr/m/it/10.95 Bookshelf \OT1/cmr/m/n
/10.95 hinzuzuf[]ugen, sonder auch Objekte der Klasse
 []


Underfull \hbox (badness 10000) in paragraph at lines 442--444

 []

(Einleitung.bbl [21]
Underfull \hbox (badness 10000) in paragraph at lines 11--16
[]$\OT1/cmtt/m/n/10.95 https : / / docs . oracle . com / javase / 7 / docs / ap
i / java / lang / reflect / Proxy .
 []


Underfull \hbox (badness 10000) in paragraph at lines 64--70
\OT1/cmtt/m/n/10.95 de / entwicklung / programmiersprachen / modulare-[]anwendu
ngen-[]mit-[]java .
 []

[22])
Package atveryend Info: Empty hook `BeforeClearDocument' on input line 458.
 [23]
Package atveryend Info: Empty hook `AfterLastShipout' on input line 458.
 (Einleitung.aux)
Package atveryend Info: Executing hook `AtVeryEndDocument' on input line 458.
Package atveryend Info: Executing hook `AtEndAfterFileList' on input line 458.
Package rerunfilecheck Info: File `Einleitung.out' has not changed.
(rerunfilecheck)             Checksum: D41D8CD98F00B204E9800998ECF8427E;0.
Package atveryend Info: Empty hook `AtVeryVeryEnd' on input line 458.
 ) 
Here is how much of TeX's memory you used:
 10321 strings out of 482859
 176100 string characters out of 2952984
 743703 words of memory out of 3000000
 25637 multiletter control sequences out of 15000+200000
 540439 words of font info for 51 fonts, out of 3000000 for 9000
 0 hyphenation exceptions out of 8191
 42i,8n,53p,10127b,1883s stack positions out of 5000i,500n,10000p,200000b,50000s
 </home/niels/.miktex/texmfs/data/fonts/pk/ljfour/jknappen/ec/dpi600/tcrm1095
.pk> </home/niels/.miktex/texmfs/data/fonts/pk/ljfour/jknappen/ec/dpi600/tcti10
95.pk></home/niels/.miktex/texmfs/install/fonts/type1/public/amsfonts/cm/cmbx10
.pfb></home/niels/.miktex/texmfs/install/fonts/type1/public/amsfonts/cm/cmr10.p
fb></home/niels/.miktex/texmfs/install/fonts/type1/public/amsfonts/cm/cmr12.pfb
></home/niels/.miktex/texmfs/install/fonts/type1/public/amsfonts/cm/cmr6.pfb></
home/niels/.miktex/texmfs/install/fonts/type1/public/amsfonts/cm/cmr8.pfb></hom
e/niels/.miktex/texmfs/install/fonts/type1/public/amsfonts/cm/cmr9.pfb></home/n
iels/.miktex/texmfs/install/fonts/type1/public/amsfonts/cm/cmssbx10.pfb></home/
niels/.miktex/texmfs/install/fonts/type1/public/amsfonts/cm/cmti10.pfb></home/n
iels/.miktex/texmfs/install/fonts/type1/public/amsfonts/cm/cmti9.pfb></home/nie
ls/.miktex/texmfs/install/fonts/type1/public/amsfonts/cm/cmtt10.pfb></home/niel
s/.miktex/texmfs/install/fonts/type1/public/amsfonts/cm/cmtt9.pfb>
Output written on Einleitung.pdf (23 pages, 489474 bytes).
PDF statistics:
 561 PDF objects out of 1000 (max. 8388607)
 173 named destinations out of 1000 (max. 500000)
 248 words of extra memory for PDF output out of 10000 (max. 10000000)

